2014-03-24 14:05:20.015 Bikecount[48400:70b] Multi-tasking -> Device: YES, App: YES
2014-03-24 14:05:20.052 Bikecount[48400:70b] Unlimited access to network resources
2014-03-24 14:05:20.530 Bikecount[48400:70b] Resetting plugins due to page load.
2014-03-24 14:05:20.677 Bikecount[48400:70b] Finished load of: file:///Users/joepetrini/Library/Application%20Support/iPhone%20Simulator/7.1/Applications/39869017-6C4F-437F-A883-B39C19EA0DA0/Bikecount.app/www/index.html
Terminating in response to SpringBoard's termination.
2014-03-24 14:12:23.725 Bikecount[48631:70b] Multi-tasking -> Device: YES, App: YES
2014-03-24 14:12:23.738 Bikecount[48631:70b] Unlimited access to network resources
2014-03-24 14:12:23.928 Bikecount[48631:70b] Resetting plugins due to page load.
2014-03-24 14:12:24.163 Bikecount[48631:70b] Finished load of: file:///Users/joepetrini/Library/Application%20Support/iPhone%20Simulator/7.1/Applications/39869017-6C4F-437F-A883-B39C19EA0DA0/Bikecount.app/www/index.html
2014-03-24 14:12:25.772 Bikecount[48631:70b] THREAD WARNING: ['Notification'] took '28.568848' ms. Plugin should use a background thread.
2014-03-24 16:07:59.589 Bikecount[49486:70b] Multi-tasking -> Device: YES, App: YES
2014-03-24 16:07:59.616 Bikecount[49486:70b] Unlimited access to network resources
2014-03-24 16:08:00.144 Bikecount[49486:70b] Resetting plugins due to page load.
2014-03-24 16:08:00.523 Bikecount[49486:70b] Finished load of: file:///Users/joepetrini/Library/Application%20Support/iPhone%20Simulator/7.1/Applications/39869017-6C4F-437F-A883-B39C19EA0DA0/Bikecount.app/www/index.html
2014-03-26 15:36:29.903 Bikecount[53575:70b] Multi-tasking -> Device: YES, App: YES
2014-03-26 15:36:29.986 Bikecount[53575:70b] Unlimited access to network resources
2014-03-26 15:36:30.592 Bikecount[53575:70b] Resetting plugins due to page load.
2014-03-26 15:36:30.833 Bikecount[53575:70b] Finished load of: file:///Users/joepetrini/Library/Application%20Support/iPhone%20Simulator/7.1/Applications/39869017-6C4F-437F-A883-B39C19EA0DA0/Bikecount.app/www/index.html
2014-03-26 15:39:58.741 Bikecount[53575:70b] Resetting plugins due to page load.
2014-03-26 15:39:58.747 Bikecount[53575:70b] Failed to load webpage with error: Frame load interrupted
2014-03-26 15:41:19.350 Bikecount[53795:70b] Multi-tasking -> Device: YES, App: YES
2014-03-26 15:41:19.405 Bikecount[53795:70b] Unlimited access to network resources
2014-03-26 15:41:19.947 Bikecount[53795:70b] Resetting plugins due to page load.
2014-03-26 15:41:20.156 Bikecount[53795:70b] Finished load of: file:///Users/joepetrini/Library/Application%20Support/iPhone%20Simulator/7.1/Applications/39869017-6C4F-437F-A883-B39C19EA0DA0/Bikecount.app/www/index.html
2014-03-26 15:42:53.198 Bikecount[54020:70b] Multi-tasking -> Device: YES, App: YES
2014-03-26 15:42:53.212 Bikecount[54020:70b] Unlimited access to network resources
2014-03-26 15:42:53.345 Bikecount[54020:70b] Resetting plugins due to page load.
2014-03-26 15:42:53.574 Bikecount[54020:70b] Finished load of: file:///Users/joepetrini/Library/Application%20Support/iPhone%20Simulator/7.1/Applications/39869017-6C4F-437F-A883-B39C19EA0DA0/Bikecount.app/www/index.html
2014-03-26 15:43:25.238 Bikecount[54020:70b] Resetting plugins due to page load.
2014-03-26 15:43:25.240 Bikecount[54020:70b] Failed to load webpage with error: Frame load interrupted
2014-03-26 15:59:50.784 Bikecount[54328:70b] Multi-tasking -> Device: YES, App: YES
2014-03-26 15:59:50.799 Bikecount[54328:70b] Unlimited access to network resources
2014-03-26 15:59:51.227 Bikecount[54328:70b] Resetting plugins due to page load.
2014-03-26 15:59:51.412 Bikecount[54328:70b] Finished load of: file:///Users/joepetrini/Library/Application%20Support/iPhone%20Simulator/7.1/Applications/39869017-6C4F-437F-A883-B39C19EA0DA0/Bikecount.app/www/index.html
2014-03-26 16:04:34.118 Bikecount[54328:70b] Resetting plugins due to page load.
2014-03-26 16:04:34.127 Bikecount[54328:70b] Failed to load webpage with error: Frame load interrupted
Terminating in response to SpringBoard's termination.
2014-03-26 16:16:30.057 Bikecount[54607:70b] Multi-tasking -> Device: YES, App: YES
2014-03-26 16:16:30.083 Bikecount[54607:70b] Unlimited access to network resources
2014-03-26 16:16:30.293 Bikecount[54607:70b] Resetting plugins due to page load.
2014-03-26 16:16:30.629 Bikecount[54607:70b] Finished load of: file:///Users/joepetrini/Library/Application%20Support/iPhone%20Simulator/7.1/Applications/39869017-6C4F-437F-A883-B39C19EA0DA0/Bikecount.app/www/index.html
2014-03-26 16:16:43.893 Bikecount[54607:70b] Resetting plugins due to page load.
2014-03-26 16:16:43.896 Bikecount[54607:70b] Failed to load webpage with error: Frame load interrupted
Terminating in response to SpringBoard's termination.
2014-03-26 16:17:07.167 Bikecount[54820:70b] Multi-tasking -> Device: YES, App: YES
2014-03-26 16:17:07.190 Bikecount[54820:70b] Unlimited access to network resources
2014-03-26 16:17:07.412 Bikecount[54820:70b] Resetting plugins due to page load.
2014-03-26 16:17:07.888 Bikecount[54820:70b] Finished load of: file:///Users/joepetrini/Library/Application%20Support/iPhone%20Simulator/7.1/Applications/39869017-6C4F-437F-A883-B39C19EA0DA0/Bikecount.app/www/index.html
2014-03-26 16:17:49.972 Bikecount[54820:70b] Resetting plugins due to page load.
2014-03-26 16:17:49.973 Bikecount[54820:70b] Failed to load webpage with error: Frame load interrupted
2014-03-26 16:18:51.220 Bikecount[55043:70b] Multi-tasking -> Device: YES, App: YES
2014-03-26 16:18:51.228 Bikecount[55043:70b] Unlimited access to network resources
2014-03-26 16:18:51.571 Bikecount[55043:70b] Resetting plugins due to page load.
2014-03-26 16:18:52.403 Bikecount[55043:70b] Finished load of: file:///Users/joepetrini/Library/Application%20Support/iPhone%20Simulator/7.1/Applications/39869017-6C4F-437F-A883-B39C19EA0DA0/Bikecount.app/www/index.html
2014-03-26 16:20:23.175 Bikecount[55043:70b] Resetting plugins due to page load.
2014-03-26 16:20:23.176 Bikecount[55043:70b] Failed to load webpage with error: Frame load interrupted
2014-03-26 16:21:39.521 Bikecount[55262:70b] Multi-tasking -> Device: YES, App: YES
2014-03-26 16:21:39.530 Bikecount[55262:70b] Unlimited access to network resources
2014-03-26 16:21:39.755 Bikecount[55262:70b] Resetting plugins due to page load.
2014-03-26 16:21:40.040 Bikecount[55262:70b] Finished load of: file:///Users/joepetrini/Library/Application%20Support/iPhone%20Simulator/7.1/Applications/39869017-6C4F-437F-A883-B39C19EA0DA0/Bikecount.app/www/index.html
2014-03-26 16:21:45.948 Bikecount[55262:70b] Resetting plugins due to page load.
2014-03-26 16:21:45.950 Bikecount[55262:70b] Failed to load webpage with error: Frame load interrupted
2014-03-26 16:22:35.644 Bikecount[55470:70b] Multi-tasking -> Device: YES, App: YES
2014-03-26 16:22:35.657 Bikecount[55470:70b] Unlimited access to network resources
2014-03-26 16:22:35.868 Bikecount[55470:70b] Resetting plugins due to page load.
2014-03-26 16:22:36.159 Bikecount[55470:70b] Finished load of: file:///Users/joepetrini/Library/Application%20Support/iPhone%20Simulator/7.1/Applications/39869017-6C4F-437F-A883-B39C19EA0DA0/Bikecount.app/www/index.html
2014-03-26 16:27:42.727 Bikecount[55688:70b] Multi-tasking -> Device: YES, App: YES
2014-03-26 16:27:42.738 Bikecount[55688:70b] Unlimited access to network resources
2014-03-26 16:27:43.667 Bikecount[55688:70b] Resetting plugins due to page load.
2014-03-26 16:27:43.983 Bikecount[55688:70b] Finished load of: file:///Users/joepetrini/Library/Application%20Support/iPhone%20Simulator/7.1/Applications/39869017-6C4F-437F-A883-B39C19EA0DA0/Bikecount.app/www/index.html
2014-03-26 16:28:11.442 Bikecount[55688:70b] appts: [object Object]
2014-03-26 16:30:05.785 Bikecount[55906:70b] Multi-tasking -> Device: YES, App: YES
2014-03-26 16:30:05.795 Bikecount[55906:70b] Unlimited access to network resources
2014-03-26 16:30:05.923 Bikecount[55906:70b] Resetting plugins due to page load.
2014-03-26 16:30:06.162 Bikecount[55906:70b] Finished load of: file:///Users/joepetrini/Library/Application%20Support/iPhone%20Simulator/7.1/Applications/39869017-6C4F-437F-A883-B39C19EA0DA0/Bikecount.app/www/index.html
2014-03-26 16:33:00.351 Bikecount[56125:70b] Multi-tasking -> Device: YES, App: YES
2014-03-26 16:33:00.402 Bikecount[56125:70b] Unlimited access to network resources
2014-03-26 16:33:01.329 Bikecount[56125:70b] Resetting plugins due to page load.
2014-03-26 16:33:01.583 Bikecount[56125:70b] Finished load of: file:///Users/joepetrini/Library/Application%20Support/iPhone%20Simulator/7.1/Applications/39869017-6C4F-437F-A883-B39C19EA0DA0/Bikecount.app/www/index.html
2014-03-26 16:33:15.455 Bikecount[56125:70b] Resetting plugins due to page load.
2014-03-26 16:33:15.458 Bikecount[56125:70b] Failed to load webpage with error: Frame load interrupted
2014-03-26 16:33:16.749 Bikecount[56125:70b] Resetting plugins due to page load.
2014-03-26 16:33:16.750 Bikecount[56125:70b] Failed to load webpage with error: Frame load interrupted
2014-03-26 16:33:18.194 Bikecount[56125:70b] Resetting plugins due to page load.
2014-03-26 16:33:18.194 Bikecount[56125:70b] Failed to load webpage with error: Frame load interrupted
2014-03-26 16:33:18.513 Bikecount[56125:70b] Resetting plugins due to page load.
2014-03-26 16:33:18.514 Bikecount[56125:70b] Failed to load webpage with error: Frame load interrupted
2014-03-26 16:39:56.894 Bikecount[56365:70b] Multi-tasking -> Device: YES, App: YES
2014-03-26 16:39:56.909 Bikecount[56365:70b] Unlimited access to network resources
2014-03-26 16:39:57.481 Bikecount[56365:70b] Resetting plugins due to page load.
2014-03-26 16:39:57.724 Bikecount[56365:70b] Finished load of: file:///Users/joepetrini/Library/Application%20Support/iPhone%20Simulator/7.1/Applications/39869017-6C4F-437F-A883-B39C19EA0DA0/Bikecount.app/www/index.html
2014-03-26 16:40:14.227 Bikecount[56365:70b] appts: [object Object]
2014-03-26 16:49:41.760 Bikecount[56595:70b] Multi-tasking -> Device: YES, App: YES
2014-03-26 16:49:41.812 Bikecount[56595:70b] Unlimited access to network resources
2014-03-26 16:49:42.271 Bikecount[56595:70b] Resetting plugins due to page load.
2014-03-26 16:49:42.468 Bikecount[56595:70b] Finished load of: file:///Users/joepetrini/Library/Application%20Support/iPhone%20Simulator/7.1/Applications/39869017-6C4F-437F-A883-B39C19EA0DA0/Bikecount.app/www/index.html
2014-03-26 17:42:09.387 Bikecount[56907:70b] Multi-tasking -> Device: YES, App: YES
2014-03-26 17:42:09.419 Bikecount[56907:70b] Unlimited access to network resources
2014-03-26 17:42:09.777 Bikecount[56907:70b] Resetting plugins due to page load.
2014-03-26 17:42:10.384 Bikecount[56907:70b] Finished load of: file:///Users/joepetrini/Library/Application%20Support/iPhone%20Simulator/7.1/Applications/39869017-6C4F-437F-A883-B39C19EA0DA0/Bikecount.app/www/index.html
2014-03-26 17:42:14.401 Bikecount[56907:70b] appts: [object Object]
2014-03-26 17:42:28.154 Bikecount[56907:4003] void SendDelegateMessage(NSInvocation *): delegate (webView:runJavaScriptAlertPanelWithMessage:initiatedByFrame:) failed to return after waiting 10 seconds. main run loop mode: kCFRunLoopDefaultMode
Terminating in response to SpringBoard's termination.
